<?xml version="1.0" encoding="UTF-8"?>
<!-- Generated by org.testng.reporters.JUnitReportReporter -->
<testsuite hostname="DESKTOP-FQ4JAQE" failures="0" tests="1" name="com.example.tests.EndToEndTest" time="5.226" errors="0" timestamp="2024-09-21T01:57:27 IST" skipped="0">
  <testcase classname="com.example.tests.EndToEndTest" name="createPostWithInvalidUserId" time="5.226"/>
  <system-out/>
</testsuite> <!-- com.example.tests.EndToEndTest -->
