<?xml version="1.0" encoding="UTF-8"?>
<!-- Generated by org.testng.reporters.JUnitReportReporter -->
<testsuite hostname="DESKTOP-FQ4JAQE" failures="0" tests="2" name="com.example.tests.CreateDelete" time="8.878" errors="0" timestamp="2024-09-21T01:12:03 IST" skipped="0">
  <testcase classname="com.example.tests.CreateDelete" name="deletePost" time="1.103"/>
  <system-out/>
  <testcase classname="com.example.tests.CreateDelete" name="createPost" time="7.775"/>
  <system-out/>
</testsuite> <!-- com.example.tests.CreateDelete -->
