<?xml version="1.0" encoding="UTF-8"?>
<!-- Generated by org.testng.reporters.JUnitReportReporter -->
<testsuite hostname="DESKTOP-FQ4JAQE" failures="0" tests="1" name="com.example.tests.PostRequest" time="6.548" errors="0" timestamp="2024-09-21T01:03:02 IST" skipped="0">
  <testcase classname="com.example.tests.PostRequest" name="createPost" time="6.548"/>
  <system-out/>
</testsuite> <!-- com.example.tests.PostRequest -->
