<?xml version="1.0" encoding="UTF-8"?>
<!-- Generated by org.testng.reporters.JUnitReportReporter -->
<testsuite hostname="DESKTOP-FQ4JAQE" failures="0" tests="2" name="com.example.tests.ApiTest" time="6.106" errors="0" timestamp="2024-09-21T01:01:18 IST" skipped="0">
  <testcase classname="com.example.tests.ApiTest" name="anotherExampleTest" time="5.797"/>
  <system-out/>
  <testcase classname="com.example.tests.ApiTest" name="exampleTest" time="0.309"/>
  <system-out/>
</testsuite> <!-- com.example.tests.ApiTest -->
